[35m[1mConsolidate compiler generated dependencies of target webcam_pub[0m
[ 50%] [32mBuilding CXX object CMakeFiles/webcam_pub.dir/src/webcam_image_publisher.cpp.o[0m
[ 50%] Built target ament_cmake_python_copy_ros2_webcam
[01m[K/home/mars_host/ros-intro-project/src/ros2_webcam/src/webcam_image_publisher.cpp:15:29:[m[K [01;31m[Kerror: [m[Kmissing terminating > character
   15 | #include <opencv2/opencv.hpp
      |                             [01;31m[K^[m[K
running egg_info
writing ros2_webcam.egg-info/PKG-INFO
writing dependency_links to ros2_webcam.egg-info/dependency_links.txt
writing top-level names to ros2_webcam.egg-info/top_level.txt
reading manifest file 'ros2_webcam.egg-info/SOURCES.txt'
writing manifest file 'ros2_webcam.egg-info/SOURCES.txt'
[ 50%] Built target ament_cmake_python_build_ros2_webcam_egg
gmake[2]: *** [CMakeFiles/webcam_pub.dir/build.make:76: CMakeFiles/webcam_pub.dir/src/webcam_image_publisher.cpp.o] Error 1
gmake[1]: *** [CMakeFiles/Makefile2:140: CMakeFiles/webcam_pub.dir/all] Error 2
gmake: *** [Makefile:146: all] Error 2
