[0.105s] Invoking command in '/home/mars_host/ros-intro-project/build/ros2_webcam': CMAKE_PREFIX_PATH=/opt/ros/humble /usr/bin/cmake /home/mars_host/ros-intro-project/src/ros2_webcam -DCMAKE_INSTALL_PREFIX=/home/mars_host/ros-intro-project/install/ros2_webcam
[0.720s] -- The C compiler identification is GNU 11.4.0
[1.590s] -- The CXX compiler identification is GNU 11.4.0
[1.645s] -- Detecting C compiler ABI info
[2.263s] -- Detecting C compiler ABI info - done
[2.285s] -- Check for working C compiler: /usr/bin/cc - skipped
[2.290s] -- Detecting C compile features
[2.295s] -- Detecting C compile features - done
[2.332s] -- Detecting CXX compiler ABI info
[2.771s] -- Detecting CXX compiler ABI info - done
[2.780s] -- Check for working CXX compiler: /usr/bin/c++ - skipped
[2.781s] -- Detecting CXX compile features
[2.782s] -- Detecting CXX compile features - done
[2.900s] -- Found ament_cmake: 1.3.10 (/opt/ros/humble/share/ament_cmake/cmake)
[3.504s] -- Found Python3: /usr/bin/python3 (found version "3.10.12") found components: Interpreter 
[4.128s] -- Found rclcpp: 16.0.10 (/opt/ros/humble/share/rclcpp/cmake)
[4.433s] -- Found rosidl_generator_c: 3.1.5 (/opt/ros/humble/share/rosidl_generator_c/cmake)
[4.473s] -- Found rosidl_adapter: 3.1.5 (/opt/ros/humble/share/rosidl_adapter/cmake)
[4.528s] -- Found rosidl_generator_cpp: 3.1.5 (/opt/ros/humble/share/rosidl_generator_cpp/cmake)
[4.636s] -- Using all available rosidl_typesupport_c: rosidl_typesupport_fastrtps_c;rosidl_typesupport_introspection_c
[4.790s] -- Using all available rosidl_typesupport_cpp: rosidl_typesupport_fastrtps_cpp;rosidl_typesupport_introspection_cpp
[5.065s] -- Found rmw_implementation_cmake: 6.1.2 (/opt/ros/humble/share/rmw_implementation_cmake/cmake)
[5.109s] -- Found rmw_fastrtps_cpp: 6.2.7 (/opt/ros/humble/share/rmw_fastrtps_cpp/cmake)
[5.621s] -- Found OpenSSL: /usr/lib/x86_64-linux-gnu/libcrypto.so (found version "3.0.2")  
[5.754s] -- Found FastRTPS: /opt/ros/humble/include  
[5.956s] -- Using RMW implementation 'rmw_fastrtps_cpp' as default
[6.089s] -- Looking for pthread.h
[6.508s] -- Looking for pthread.h - found
[6.511s] -- Performing Test CMAKE_HAVE_LIBC_PTHREAD
[6.880s] -- Performing Test CMAKE_HAVE_LIBC_PTHREAD - Success
[6.881s] -- Found Threads: TRUE  
[7.274s] -- Found rclpy: 3.3.14 (/opt/ros/humble/share/rclpy/cmake)
[7.277s] -- Found sensor_msgs: 4.2.4 (/opt/ros/humble/share/sensor_msgs/cmake)
[7.584s] -- Found cv_bridge: 3.2.1 (/opt/ros/humble/share/cv_bridge/cmake)
[7.651s] -- Found image_transport: 3.1.9 (/opt/ros/humble/share/image_transport/cmake)
[8.018s] -- Found OpenCV: /usr (found version "4.5.4") 
[8.033s] -- Found ament_lint_auto: 0.12.11 (/opt/ros/humble/share/ament_lint_auto/cmake)
[8.445s] -- Added test 'cppcheck' to perform static code analysis on C / C++ code
[8.447s] -- Configured cppcheck include dirs: /home/mars_host/ros-intro-project/src/ros2_webcam/include
[8.448s] -- Configured cppcheck exclude dirs and/or files: 
[8.449s] -- Added test 'flake8' to check Python code syntax and style conventions
[8.451s] -- Added test 'lint_cmake' to check CMake code style
[8.452s] -- Added test 'pep257' to check Python code against some of the docstring style conventions in PEP 257
[8.455s] -- Added test 'uncrustify' to check C / C++ code style
[8.455s] -- Configured uncrustify additional arguments: 
[8.456s] -- Added test 'xmllint' to check XML markup files
[8.460s] -- Configuring done
[8.526s] -- Generating done
[8.571s] -- Build files have been written to: /home/mars_host/ros-intro-project/build/ros2_webcam
[8.590s] Invoked command in '/home/mars_host/ros-intro-project/build/ros2_webcam' returned '0': CMAKE_PREFIX_PATH=/opt/ros/humble /usr/bin/cmake /home/mars_host/ros-intro-project/src/ros2_webcam -DCMAKE_INSTALL_PREFIX=/home/mars_host/ros-intro-project/install/ros2_webcam
[8.614s] Invoking command in '/home/mars_host/ros-intro-project/build/ros2_webcam': CMAKE_PREFIX_PATH=/opt/ros/humble /usr/bin/cmake --build /home/mars_host/ros-intro-project/build/ros2_webcam -- -j2 -l2
[8.896s] [ 50%] [32mBuilding CXX object CMakeFiles/webcam_pub.dir/src/webcam_image_publisher.cpp.o[0m
[9.131s] [ 50%] Built target ament_cmake_python_copy_ros2_webcam
[11.085s] running egg_info
[11.122s] creating ros2_webcam.egg-info
[11.123s] writing ros2_webcam.egg-info/PKG-INFO
[11.123s] writing dependency_links to ros2_webcam.egg-info/dependency_links.txt
[11.123s] writing top-level names to ros2_webcam.egg-info/top_level.txt
[11.123s] writing manifest file 'ros2_webcam.egg-info/SOURCES.txt'
[11.151s] reading manifest file 'ros2_webcam.egg-info/SOURCES.txt'
[11.162s] writing manifest file 'ros2_webcam.egg-info/SOURCES.txt'
[11.434s] [ 50%] Built target ament_cmake_python_build_ros2_webcam_egg
[11.639s] [01m[K/home/mars_host/ros-intro-project/src/ros2_webcam/src/webcam_image_publisher.cpp:15:29:[m[K [01;31m[Kerror: [m[Kmissing terminating > character
[11.640s]    15 | #include <opencv2/opencv.hpp
[11.640s]       |                             [01;31m[K^[m[K
[30.524s] gmake[2]: *** [CMakeFiles/webcam_pub.dir/build.make:76: CMakeFiles/webcam_pub.dir/src/webcam_image_publisher.cpp.o] Error 1
[30.524s] gmake[1]: *** [CMakeFiles/Makefile2:140: CMakeFiles/webcam_pub.dir/all] Error 2
[30.525s] gmake: *** [Makefile:146: all] Error 2
[30.592s] Invoked command in '/home/mars_host/ros-intro-project/build/ros2_webcam' returned '2': CMAKE_PREFIX_PATH=/opt/ros/humble /usr/bin/cmake --build /home/mars_host/ros-intro-project/build/ros2_webcam -- -j2 -l2
