[0.056s] Invoking command in '/home/mars_host/ros-intro-project/build/ros2_webcam': CMAKE_PREFIX_PATH=/opt/ros/humble /usr/bin/cmake /home/mars_host/ros-intro-project/src/ros2_webcam -DCMAKE_INSTALL_PREFIX=/home/mars_host/ros-intro-project/install/ros2_webcam
[0.297s] -- The C compiler identification is GNU 11.4.0
[0.392s] -- The CXX compiler identification is GNU 11.4.0
[0.402s] -- Detecting C compiler ABI info
[0.535s] -- Detecting C compiler ABI info - done
[0.536s] -- Check for working C compiler: /usr/bin/cc - skipped
[0.537s] -- Detecting C compile features
[0.537s] -- Detecting C compile features - done
[0.541s] -- Detecting CXX compiler ABI info
[0.677s] -- Detecting CXX compiler ABI info - done
[0.687s] -- Check for working CXX compiler: /usr/bin/c++ - skipped
[0.688s] -- Detecting CXX compile features
[0.688s] -- Detecting CXX compile features - done
[0.692s] -- Found ament_cmake: 1.3.10 (/opt/ros/humble/share/ament_cmake/cmake)
[1.023s] -- Found Python3: /usr/bin/python3 (found version "3.10.12") found components: Interpreter 
[1.146s] -- Found rclcpp: 16.0.10 (/opt/ros/humble/share/rclcpp/cmake)
[1.188s] -- Found rosidl_generator_c: 3.1.5 (/opt/ros/humble/share/rosidl_generator_c/cmake)
[1.192s] -- Found rosidl_adapter: 3.1.5 (/opt/ros/humble/share/rosidl_adapter/cmake)
[1.201s] -- Found rosidl_generator_cpp: 3.1.5 (/opt/ros/humble/share/rosidl_generator_cpp/cmake)
[1.212s] -- Using all available rosidl_typesupport_c: rosidl_typesupport_fastrtps_c;rosidl_typesupport_introspection_c
[1.228s] -- Using all available rosidl_typesupport_cpp: rosidl_typesupport_fastrtps_cpp;rosidl_typesupport_introspection_cpp
[1.272s] -- Found rmw_implementation_cmake: 6.1.2 (/opt/ros/humble/share/rmw_implementation_cmake/cmake)
[1.305s] -- Found rmw_fastrtps_cpp: 6.2.7 (/opt/ros/humble/share/rmw_fastrtps_cpp/cmake)
[1.532s] -- Found OpenSSL: /usr/lib/x86_64-linux-gnu/libcrypto.so (found version "3.0.2")  
[1.570s] -- Found FastRTPS: /opt/ros/humble/include  
[1.648s] -- Using RMW implementation 'rmw_fastrtps_cpp' as default
[1.662s] -- Looking for pthread.h
[1.829s] -- Looking for pthread.h - found
[1.841s] -- Performing Test CMAKE_HAVE_LIBC_PTHREAD
[2.062s] -- Performing Test CMAKE_HAVE_LIBC_PTHREAD - Success
[2.066s] -- Found Threads: TRUE  
[2.181s] -- Found rclpy: 3.3.14 (/opt/ros/humble/share/rclpy/cmake)
[2.181s] -- Found sensor_msgs: 4.2.4 (/opt/ros/humble/share/sensor_msgs/cmake)
[2.181s] -- Found cv_bridge: 3.2.1 (/opt/ros/humble/share/cv_bridge/cmake)
[2.181s] -- Found image_transport: 3.1.9 (/opt/ros/humble/share/image_transport/cmake)
[2.201s] -- Found OpenCV: /usr (found version "4.5.4") 
[2.204s] -- Found ament_lint_auto: 0.12.11 (/opt/ros/humble/share/ament_lint_auto/cmake)
[2.320s] -- Added test 'cppcheck' to perform static code analysis on C / C++ code
[2.321s] -- Configured cppcheck include dirs: /home/mars_host/ros-intro-project/src/ros2_webcam/include
[2.321s] -- Configured cppcheck exclude dirs and/or files: 
[2.322s] -- Added test 'flake8' to check Python code syntax and style conventions
[2.323s] -- Added test 'lint_cmake' to check CMake code style
[2.323s] -- Added test 'pep257' to check Python code against some of the docstring style conventions in PEP 257
[2.324s] -- Added test 'uncrustify' to check C / C++ code style
[2.324s] -- Configured uncrustify additional arguments: 
[2.325s] -- Added test 'xmllint' to check XML markup files
[2.326s] -- Configuring done
[2.356s] -- Generating done
[2.381s] -- Build files have been written to: /home/mars_host/ros-intro-project/build/ros2_webcam
[2.391s] Invoked command in '/home/mars_host/ros-intro-project/build/ros2_webcam' returned '0': CMAKE_PREFIX_PATH=/opt/ros/humble /usr/bin/cmake /home/mars_host/ros-intro-project/src/ros2_webcam -DCMAKE_INSTALL_PREFIX=/home/mars_host/ros-intro-project/install/ros2_webcam
[2.392s] Invoking command in '/home/mars_host/ros-intro-project/build/ros2_webcam': CMAKE_PREFIX_PATH=/opt/ros/humble /usr/bin/cmake --build /home/mars_host/ros-intro-project/build/ros2_webcam -- -j2 -l2
[2.506s] [ 50%] [32mBuilding CXX object CMakeFiles/webcam_pub.dir/src/webcam_image_publisher.cpp.o[0m
[2.589s] [ 50%] Built target ament_cmake_python_copy_ros2_webcam
[3.008s] [01m[K/home/mars_host/ros-intro-project/src/ros2_webcam/src/webcam_image_publisher.cpp:15:29:[m[K [01;31m[Kerror: [m[Kmissing terminating > character
[3.008s]    15 | #include <opencv2/opencv.hpp
[3.008s]       |                             [01;31m[K^[m[K
[3.205s] running egg_info
[3.232s] creating ros2_webcam.egg-info
[3.232s] writing ros2_webcam.egg-info/PKG-INFO
[3.232s] writing dependency_links to ros2_webcam.egg-info/dependency_links.txt
[3.232s] writing top-level names to ros2_webcam.egg-info/top_level.txt
[3.232s] writing manifest file 'ros2_webcam.egg-info/SOURCES.txt'
[3.262s] reading manifest file 'ros2_webcam.egg-info/SOURCES.txt'
[3.262s] writing manifest file 'ros2_webcam.egg-info/SOURCES.txt'
[3.320s] [ 50%] Built target ament_cmake_python_build_ros2_webcam_egg
[8.499s] gmake[2]: *** [CMakeFiles/webcam_pub.dir/build.make:76: CMakeFiles/webcam_pub.dir/src/webcam_image_publisher.cpp.o] Error 1
[8.499s] gmake[1]: *** [CMakeFiles/Makefile2:140: CMakeFiles/webcam_pub.dir/all] Error 2
[8.499s] gmake: *** [Makefile:146: all] Error 2
[8.533s] Invoked command in '/home/mars_host/ros-intro-project/build/ros2_webcam' returned '2': CMAKE_PREFIX_PATH=/opt/ros/humble /usr/bin/cmake --build /home/mars_host/ros-intro-project/build/ros2_webcam -- -j2 -l2
