[0.057s] Invoking command in '/home/mars_host/ros-intro-project/src/ros2_webcam/build/ros2_webcam': CMAKE_PREFIX_PATH=/opt/ros/humble /usr/bin/cmake /home/mars_host/ros-intro-project/src/ros2_webcam -DCMAKE_INSTALL_PREFIX=/home/mars_host/ros-intro-project/src/ros2_webcam/install/ros2_webcam
[0.286s] -- The C compiler identification is GNU 11.4.0
[0.440s] -- The CXX compiler identification is GNU 11.4.0
[0.485s] -- Detecting C compiler ABI info
[0.777s] -- Detecting C compiler ABI info - done
[0.796s] -- Check for working C compiler: /usr/bin/cc - skipped
[0.797s] -- Detecting C compile features
[0.799s] -- Detecting C compile features - done
[0.809s] -- Detecting CXX compiler ABI info
[1.089s] -- Detecting CXX compiler ABI info - done
[1.108s] -- Check for working CXX compiler: /usr/bin/c++ - skipped
[1.108s] -- Detecting CXX compile features
[1.111s] -- Detecting CXX compile features - done
[1.118s] -- Found ament_cmake: 1.3.10 (/opt/ros/humble/share/ament_cmake/cmake)
[1.568s] -- Found Python3: /usr/bin/python3 (found version "3.10.12") found components: Interpreter 
[1.715s] -- Found rclcpp: 16.0.10 (/opt/ros/humble/share/rclcpp/cmake)
[1.785s] -- Found rosidl_generator_c: 3.1.5 (/opt/ros/humble/share/rosidl_generator_c/cmake)
[1.795s] -- Found rosidl_adapter: 3.1.5 (/opt/ros/humble/share/rosidl_adapter/cmake)
[1.834s] -- Found rosidl_generator_cpp: 3.1.5 (/opt/ros/humble/share/rosidl_generator_cpp/cmake)
[1.835s] -- Using all available rosidl_typesupport_c: rosidl_typesupport_fastrtps_c;rosidl_typesupport_introspection_c
[1.861s] -- Using all available rosidl_typesupport_cpp: rosidl_typesupport_fastrtps_cpp;rosidl_typesupport_introspection_cpp
[1.940s] -- Found rmw_implementation_cmake: 6.1.2 (/opt/ros/humble/share/rmw_implementation_cmake/cmake)
[1.954s] -- Found rmw_fastrtps_cpp: 6.2.7 (/opt/ros/humble/share/rmw_fastrtps_cpp/cmake)
[2.261s] -- Found OpenSSL: /usr/lib/x86_64-linux-gnu/libcrypto.so (found version "3.0.2")  
[2.298s] -- Found FastRTPS: /opt/ros/humble/include  
[2.389s] -- Using RMW implementation 'rmw_fastrtps_cpp' as default
[2.415s] -- Looking for pthread.h
[2.634s] -- Looking for pthread.h - found
[2.636s] -- Performing Test CMAKE_HAVE_LIBC_PTHREAD
[2.911s] -- Performing Test CMAKE_HAVE_LIBC_PTHREAD - Success
[2.911s] -- Found Threads: TRUE  
[3.047s] -- Found rclpy: 3.3.14 (/opt/ros/humble/share/rclpy/cmake)
[3.051s] -- Found sensor_msgs: 4.2.4 (/opt/ros/humble/share/sensor_msgs/cmake)
[3.135s] -- Found cv_bridge: 3.2.1 (/opt/ros/humble/share/cv_bridge/cmake)
[3.168s] -- Found image_transport: 3.1.9 (/opt/ros/humble/share/image_transport/cmake)
[3.251s] -- Found OpenCV: /usr (found version "4.5.4") 
[3.289s] -- Found ament_lint_auto: 0.12.11 (/opt/ros/humble/share/ament_lint_auto/cmake)
[3.561s] -- Added test 'cppcheck' to perform static code analysis on C / C++ code
[3.563s] -- Configured cppcheck include dirs: /home/mars_host/ros-intro-project/src/ros2_webcam/include
[3.563s] -- Configured cppcheck exclude dirs and/or files: 
[3.565s] -- Added test 'flake8' to check Python code syntax and style conventions
[3.568s] -- Added test 'lint_cmake' to check CMake code style
[3.578s] -- Added test 'pep257' to check Python code against some of the docstring style conventions in PEP 257
[3.589s] -- Added test 'uncrustify' to check C / C++ code style
[3.589s] -- Configured uncrustify additional arguments: 
[3.589s] -- Added test 'xmllint' to check XML markup files
[3.590s] -- Configuring done
[3.633s] -- Generating done
[3.642s] -- Build files have been written to: /home/mars_host/ros-intro-project/src/ros2_webcam/build/ros2_webcam
[3.701s] Invoked command in '/home/mars_host/ros-intro-project/src/ros2_webcam/build/ros2_webcam' returned '0': CMAKE_PREFIX_PATH=/opt/ros/humble /usr/bin/cmake /home/mars_host/ros-intro-project/src/ros2_webcam -DCMAKE_INSTALL_PREFIX=/home/mars_host/ros-intro-project/src/ros2_webcam/install/ros2_webcam
[3.702s] Invoking command in '/home/mars_host/ros-intro-project/src/ros2_webcam/build/ros2_webcam': CMAKE_PREFIX_PATH=/opt/ros/humble /usr/bin/cmake --build /home/mars_host/ros-intro-project/src/ros2_webcam/build/ros2_webcam -- -j2 -l2
[3.944s] [ 50%] [32mBuilding CXX object CMakeFiles/webcam_pub.dir/src/webcam_image_publisher.cpp.o[0m
[3.958s] [ 50%] Built target ament_cmake_python_copy_ros2_webcam
[4.475s] [01m[K/home/mars_host/ros-intro-project/src/ros2_webcam/src/webcam_image_publisher.cpp:15:29:[m[K [01;31m[Kerror: [m[Kmissing terminating > character
[4.475s]    15 | #include <opencv2/opencv.hpp
[4.475s]       |                             [01;31m[K^[m[K
[4.650s] running egg_info
[4.653s] creating ros2_webcam.egg-info
[4.656s] writing ros2_webcam.egg-info/PKG-INFO
[4.657s] writing dependency_links to ros2_webcam.egg-info/dependency_links.txt
[4.658s] writing top-level names to ros2_webcam.egg-info/top_level.txt
[4.659s] writing manifest file 'ros2_webcam.egg-info/SOURCES.txt'
[4.762s] reading manifest file 'ros2_webcam.egg-info/SOURCES.txt'
[4.765s] writing manifest file 'ros2_webcam.egg-info/SOURCES.txt'
[4.809s] [ 50%] Built target ament_cmake_python_build_ros2_webcam_egg
[16.432s] gmake[2]: *** [CMakeFiles/webcam_pub.dir/build.make:76: CMakeFiles/webcam_pub.dir/src/webcam_image_publisher.cpp.o] Error 1
[16.433s] gmake[1]: *** [CMakeFiles/Makefile2:140: CMakeFiles/webcam_pub.dir/all] Error 2
[16.438s] gmake: *** [Makefile:146: all] Error 2
[16.444s] Invoked command in '/home/mars_host/ros-intro-project/src/ros2_webcam/build/ros2_webcam' returned '2': CMAKE_PREFIX_PATH=/opt/ros/humble /usr/bin/cmake --build /home/mars_host/ros-intro-project/src/ros2_webcam/build/ros2_webcam -- -j2 -l2
